*** Using Compiler 'V5.06 update 7 (build 960)', folder: 'D:\code_environment\stm32_environment\Keil_v5\ARM\arm5_compiler\Bin'
Build target 'water'
assembling startup_stm32f103xb.s...
compiling stm32f1xx_hal_gpio_ex.c...
compiling stm32f1xx_hal_rcc_ex.c...
compiling stm32f1xx_it.c...
compiling stm32f1xx_hal_dma.c...
compiling stm32f1xx_hal_msp.c...
compiling usart.c...
compiling stm32f1xx_hal_cortex.c...
compiling stm32f1xx_hal_rcc.c...
compiling gpio.c...
compiling stm32f1xx_hal_pwr.c...
compiling main.c...
compiling stm32f1xx_hal.c...
compiling i2c.c...
compiling stm32f1xx_hal_gpio.c...
compiling stm32f1xx_hal_i2c.c...
compiling stm32f1xx_hal_exti.c...
compiling system_stm32f1xx.c...
compiling stm32f1xx_hal_flash.c...
compiling stm32f1xx_hal_flash_ex.c...
compiling stm32f1xx_hal_uart.c...
linking...
Program Size: Code=3840 RO-data=312 RW-data=16 ZI-data=1864  
FromELF: creating hex file...
"water\water.axf" - 0 Error(s), 0 Warning(s).
Build Time Elapsed:  00:00:05
